#
# A fatal error has been detected by the Java Runtime Environment:
#
#  SIGSEGV (0xb) at pc=0x00000001201523fd, pid=2068, tid=1811
#
# JRE version: Java(TM) SE Runtime Environment (8.0_20-b26) (build 1.8.0_20-b26)
# Java VM: Java HotSpot(TM) 64-Bit Server VM (25.20-b23 mixed mode bsd-amd64 compressed oops)
# Problematic frame:
# C  [libglass.dylib+0x163fd]  GlassScreenDidChangeScreenParameters+0x9d
#
# Failed to write core dump. Core dumps have been disabled. To enable core dumping, try "ulimit -c unlimited" before starting Java again
#
# If you would like to submit a bug report, please visit:
#   http://bugreport.sun.com/bugreport/crash.jsp
#

---------------  T H R E A D  ---------------

Current thread is native thread

siginfo: si_signo: 11 (SIGSEGV), si_code: 1 (SEGV_MAPERR), si_addr: 0x0000000000000000

Registers:
RAX=0x0000000120184e40, RBX=0x0000000000000000, RCX=0x340088f66cb02487, RDX=0x00007fa069d25838
RSP=0x00007fff573e71d0, RBP=0x00007fff573e71e0, RSI=0x00007fa069c08bd8, RDI=0x0000000000000000
R8 =0x00007fff573e7080, R9 =0x00007fff7c01c300, R10=0x0000000000000000, R11=0x0000000000000246
R12=0x00007fa069c0fb90, R13=0x00000000000f4268, R14=0x00007fa069c73540, R15=0x00007fff573e7320
RIP=0x00000001201523fd, EFLAGS=0x0000000000010202, ERR=0x0000000000000004
  TRAPNO=0x000000000000000e

Top of Stack: (sp=0x00007fff573e71d0)
0x00007fff573e71d0:   00007fff573e73b0 00007fa069c73540
0x00007fff573e71e0:   00007fff573e71f0 00007fff95c21cbc
0x00007fff573e71f0:   00007fff573e7550 00007fff95b131b4
0x00007fff573e7200:   00007fa069ebf780 0000000000001400
0x00007fff573e7210:   0000000108830000 00007fa069efc080
0x00007fff573e7220:   0000000000001002 00000000000008e8
0x00007fff573e7230:   0000000000000004 00007fa069c73540
0x00007fff573e7240:   0000000000000000 00007fff573e7320
0x00007fff573e7250:   0000000000000000 00007fa069c73500
0x00007fff573e7260:   00007fff573e73a0 000000000000005f
0x00007fff573e7270:   00000000000f4328 00007fa069ebef80
0x00007fff573e7280:   00007fa069e58e60 00007fa069c0fb90
0x00007fff573e7290:   0000000000000001 00000000000f4268
0x00007fff573e72a0:   00007fa069c0fb80 00007fff8c114acb
0x00007fff573e72b0:   0000000000000001 0000000000000001
0x00007fff573e72c0:   0000000000000030 0000000000000001
0x00007fff573e72d0:   00007fff573e72f0 00007fff8c11a231
0x00007fff573e72e0:   00007fff7b93ddd0 0000000000000000
0x00007fff573e72f0:   00007fff573e7310 0000000000000024
0x00007fff573e7300:   00016e0300000000 00007fa069c0fbb4
0x00007fff573e7310:   0000000000000000 00007fff95b08c8f
0x00007fff573e7320:   00007fa069c73540 00007fff7b93ddd0
0x00007fff573e7330:   00007fff573e73b0 00007fff95b117bf
0x00007fff573e7340:   0000000000000001 00007fa069e91eb0
0x00007fff573e7350:   0000000108833a00 0000000000000002
0x00007fff573e7360:   0000000108830000 00007fa069e2eb22
0x00007fff573e7370:   0000000000000003 0000000108834e00
0x00007fff573e7380:   00007fff573e7470 00007fff8c1132a2
0x00007fff573e7390:   00007fa069e589f0 00007fff573e7558
0x00007fff573e73a0:   0000000000000017 0000000000000000
0x00007fff573e73b0:   00000000000f4268 00007fff95b08f83
0x00007fff573e73c0:   00007fff00000000 00007fa069e5efa0 

Instructions: (pc=0x00000001201523fd)
0x00000001201523dd:   89 df 4c 89 f1 41 ff 90 68 04 00 00 48 8d 05 58
0x00000001201523ed:   29 03 00 48 8b 30 48 8d 05 46 2a 03 00 48 8b 10
0x00000001201523fd:   48 8b 0b 30 c0 48 89 df ff 91 68 04 00 00 48 8b
0x000000012015240d:   03 48 89 df ff 50 78 48 85 c0 74 36 49 89 c6 48 

Register to memory mapping:

RAX=0x0000000120184e40: jScreenNotifySettingsChanged+0 in /Library/Java/JavaVirtualMachines/jdk1.8.0_20.jdk/Contents/Home/jre/lib/libglass.dylib at 0x000000012013c000
RBX=0x0000000000000000 is an unknown value
RCX=0x340088f66cb02487 is an unknown value
RDX=0x00007fa069d25838 is an unknown value
RSP=0x00007fff573e71d0 is an unknown value
RBP=0x00007fff573e71e0 is an unknown value
RSI=0x00007fa069c08bd8 is a global jni handle
RDI=0x0000000000000000 is an unknown value
R8 =0x00007fff573e7080 is an unknown value
R9 =0x00007fff7c01c300: _thread+0 in /usr/lib/system/libsystem_pthread.dylib at 0x00007fff98b9e000
R10=0x0000000000000000 is an unknown value
R11=0x0000000000000246 is an unknown value
R12=0x00007fa069c0fb90 is an unknown value
R13=0x00000000000f4268 is an unknown value
R14=0x00007fa069c73540 is an unknown value
R15=0x00007fff573e7320 is an unknown value


Stack: [0x00007fff56bea000,0x00007fff573ea000],  sp=0x00007fff573e71d0,  free space=8180k
Native frames: (J=compiled Java code, j=interpreted, Vv=VM code, C=native code)
C  [libglass.dylib+0x163fd]  GlassScreenDidChangeScreenParameters+0x9d
C  [CoreFoundation+0x11ecbc]  __CFNOTIFICATIONCENTER_IS_CALLING_OUT_TO_AN_OBSERVER__+0xc
C  [CoreFoundation+0x101b4]  _CFXNotificationPost+0xc44
C  [Foundation+0x2ea1]  -[NSNotificationCenter postNotificationName:object:userInfo:]+0x42
C  [AppKit+0x362f3e]  -[NSApplication _reactToScreenInvalidationImmediately:]+0x17b
C  [AppKit+0x362d7d]  __44-[NSApplication _reactToScreenInvalidation:]_block_invoke+0x4b
C  [CoreFoundation+0x8054c]  __CFRUNLOOP_IS_CALLING_OUT_TO_A_BLOCK__+0xc
C  [CoreFoundation+0x72655]  __CFRunLoopDoBlocks+0x155
C  [CoreFoundation+0x72196]  __CFRunLoopRun+0x716
C  [CoreFoundation+0x71838]  CFRunLoopRunSpecific+0x128
C  [java+0x56cc]  CreateExecutionEnvironment+0x367
C  [java+0x165c]  JLI_Launch+0x7a0
C  [java+0x768a]  main+0x65
C  [java+0xeb4]  start+0x34


---------------  P R O C E S S  ---------------

VM state:at safepoint (normal execution)

VM Mutex/Monitor currently owned by a thread:  ([mutex/lock_event])
[0x00007fa069e1f6c0] Threads_lock - owner thread: 0x00007fa06b032800
[0x00007fa069e1fbc0] Heap_lock - owner thread: 0x00007fa06b1b2800

Heap:
 PSYoungGen      total 18944K, used 6666K [0x00000007aab00000, 0x00000007ac000000, 0x00000007c0000000)
  eden space 16384K, 25% used [0x00000007aab00000,0x00000007aaf06980,0x00000007abb00000)
  from space 2560K, 99% used [0x00000007abb00000,0x00000007abd7c030,0x00000007abd80000)
  to   space 2560K, 0% used [0x00000007abd80000,0x00000007abd80000,0x00000007ac000000)
 ParOldGen       total 44032K, used 248K [0x0000000780000000, 0x0000000782b00000, 0x00000007aab00000)
  object space 44032K, 0% used [0x0000000780000000,0x000000078003e000,0x0000000782b00000)
 Metaspace       used 10367K, capacity 10770K, committed 11008K, reserved 1058816K
  class space    used 1401K, capacity 1516K, committed 1536K, reserved 1048576K

Card table byte_map: [0x00000001195de000,0x00000001197df000] byte_map_base: 0x00000001159de000

Marking Bits: (ParMarkBitMap*) 0x0000000109a9c330
 Begin Bits: [0x0000000119d41000, 0x000000011ad41000)
 End Bits:   [0x000000011ad41000, 0x000000011bd41000)

Polling page: 0x000000010896d000

CodeCache: size=245760Kb used=3143Kb max_used=3143Kb free=242616Kb
 bounds [0x000000010a21e000, 0x000000010a53e000, 0x000000011921e000]
 total_blobs=1379 nmethods=847 adapters=446
 compilation: enabled

Compilation events (10 events):
Event: 22.714 Thread 0x00007fa06b80a800  857       4       jdk.internal.org.objectweb.asm.Item::set (143 bytes)
Event: 22.719 Thread 0x00007fa06a005800  858       1       java.util.concurrent.locks.AbstractQueuedSynchronizer::getState (5 bytes)
Event: 22.720 Thread 0x00007fa06a005800 nmethod 858 0x000000010a52eb10 code [0x000000010a52ec60, 0x000000010a52ed70]
Event: 22.720 Thread 0x00007fa06a005800  859       3       java.lang.invoke.DirectMethodHandle::preparedLambdaForm (31 bytes)
Event: 22.721 Thread 0x00007fa06a005800 nmethod 859 0x000000010a52edd0 code [0x000000010a52ef80, 0x000000010a52f808]
Event: 22.732 Thread 0x00007fa06b80c000  860       4       jdk.internal.org.objectweb.asm.ClassWriter::get (49 bytes)
Event: 22.733 Thread 0x00007fa06a005800  861       3       java.lang.invoke.CallSite::maybeReBox (28 bytes)
Event: 22.734 Thread 0x00007fa06a005800 nmethod 861 0x000000010a52fbd0 code [0x000000010a52fd80, 0x000000010a530410]
Event: 22.734 Thread 0x00007fa06a005800  862       3       java.lang.invoke.LambdaForm$BMH/135721597::reinvoke (26 bytes)
Event: 22.734 Thread 0x00007fa06a005800 nmethod 862 0x000000010a530690 code [0x000000010a530840, 0x000000010a530f68]

GC Heap History (2 events):
Event: 1.050 GC heap before
{Heap before GC invocations=1 (full 0):
 PSYoungGen      total 18944K, used 16384K [0x00000007aab00000, 0x00000007ac000000, 0x00000007c0000000)
  eden space 16384K, 100% used [0x00000007aab00000,0x00000007abb00000,0x00000007abb00000)
  from space 2560K, 0% used [0x00000007abd80000,0x00000007abd80000,0x00000007ac000000)
  to   space 2560K, 0% used [0x00000007abb00000,0x00000007abb00000,0x00000007abd80000)
 ParOldGen       total 44032K, used 0K [0x0000000780000000, 0x0000000782b00000, 0x00000007aab00000)
  object space 44032K, 0% used [0x0000000780000000,0x0000000780000000,0x0000000782b00000)
 Metaspace       used 8900K, capacity 9516K, committed 9856K, reserved 1058816K
  class space    used 1203K, capacity 1303K, committed 1408K, reserved 1048576K
Event: 1.056 GC heap after
Heap after GC invocations=1 (full 0):
 PSYoungGen      total 18944K, used 2544K [0x00000007aab00000, 0x00000007ac000000, 0x00000007c0000000)
  eden space 16384K, 0% used [0x00000007aab00000,0x00000007aab00000,0x00000007abb00000)
  from space 2560K, 99% used [0x00000007abb00000,0x00000007abd7c030,0x00000007abd80000)
  to   space 2560K, 0% used [0x00000007abd80000,0x00000007abd80000,0x00000007ac000000)
 ParOldGen       total 44032K, used 248K [0x0000000780000000, 0x0000000782b00000, 0x00000007aab00000)
  object space 44032K, 0% used [0x0000000780000000,0x000000078003e000,0x0000000782b00000)
 Metaspace       used 8900K, capacity 9516K, committed 9856K, reserved 1058816K
  class space    used 1203K, capacity 1303K, committed 1408K, reserved 1048576K
}

Deoptimization events (10 events):
Event: 1.068 Thread 0x00007fa06b138800 Uncommon trap: reason=bimorphic action=maybe_recompile pc=0x000000010a4b0ba4 method=java.util.Collections$UnmodifiableList.get(I)Ljava/lang/Object; @ 5
Event: 1.068 Thread 0x00007fa06b138800 Uncommon trap: reason=bimorphic action=maybe_recompile pc=0x000000010a4b0ba4 method=java.util.Collections$UnmodifiableList.get(I)Ljava/lang/Object; @ 5
Event: 1.068 Thread 0x00007fa06b138800 Uncommon trap: reason=bimorphic action=maybe_recompile pc=0x000000010a4b0ba4 method=java.util.Collections$UnmodifiableList.get(I)Ljava/lang/Object; @ 5
Event: 1.196 Thread 0x00007fa06b138800 Uncommon trap: reason=class_check action=maybe_recompile pc=0x000000010a427e90 method=java.io.DataInputStream.readShort()S @ 4
Event: 1.196 Thread 0x00007fa06b138800 Uncommon trap: reason=class_check action=maybe_recompile pc=0x000000010a427e90 method=java.io.DataInputStream.readShort()S @ 4
Event: 1.197 Thread 0x00007fa06b138800 Uncommon trap: reason=class_check action=maybe_recompile pc=0x000000010a427e90 method=java.io.DataInputStream.readShort()S @ 4
Event: 1.198 Thread 0x00007fa06b138800 Uncommon trap: reason=class_check action=maybe_recompile pc=0x000000010a427e90 method=java.io.DataInputStream.readShort()S @ 4
Event: 1.207 Thread 0x00007fa06b138800 Uncommon trap: reason=class_check action=maybe_recompile pc=0x000000010a3405dc method=java.lang.String.equals(Ljava/lang/Object;)Z @ 8
Event: 1.207 Thread 0x00007fa06b138800 Uncommon trap: reason=class_check action=maybe_recompile pc=0x000000010a3405dc method=java.lang.String.equals(Ljava/lang/Object;)Z @ 8
Event: 1.207 Thread 0x00007fa06b138800 Uncommon trap: reason=class_check action=maybe_recompile pc=0x000000010a3405dc method=java.lang.String.equals(Ljava/lang/Object;)Z @ 8

Internal exceptions (10 events):
Event: 0.684 Thread 0x00007fa06b1b2800 Exception <a 'java/security/PrivilegedActionException'> (0x00000007ab4be080) thrown at [/HUDSON3/workspace/8-2-build-macosx-x86_64/jdk8u20/1074/hotspot/src/share/vm/prims/jvm.cpp, line 1275]
Event: 0.793 Thread 0x00007fa06b1b2800 Exception <a 'java/security/PrivilegedActionException'> (0x00000007ab51a260) thrown at [/HUDSON3/workspace/8-2-build-macosx-x86_64/jdk8u20/1074/hotspot/src/share/vm/prims/jvm.cpp, line 1275]
Event: 0.801 Thread 0x00007fa06b1b2800 Exception <a 'java/security/PrivilegedActionException'> (0x00000007ab525eb8) thrown at [/HUDSON3/workspace/8-2-build-macosx-x86_64/jdk8u20/1074/hotspot/src/share/vm/prims/jvm.cpp, line 1275]
Event: 0.856 Thread 0x00007fa06b1b2800 Exception <a 'java/security/PrivilegedActionException'> (0x00000007ab771490) thrown at [/HUDSON3/workspace/8-2-build-macosx-x86_64/jdk8u20/1074/hotspot/src/share/vm/prims/jvm.cpp, line 1275]
Event: 0.894 Thread 0x00007fa06b1b2800 Exception <a 'java/security/PrivilegedActionException'> (0x00000007ab806e20) thrown at [/HUDSON3/workspace/8-2-build-macosx-x86_64/jdk8u20/1074/hotspot/src/share/vm/prims/jvm.cpp, line 1275]
Event: 0.898 Thread 0x00007fa06b1b2800 Exception <a 'java/security/PrivilegedActionException'> (0x00000007ab8168e0) thrown at [/HUDSON3/workspace/8-2-build-macosx-x86_64/jdk8u20/1074/hotspot/src/share/vm/prims/jvm.cpp, line 1275]
Event: 0.997 Thread 0x00007fa06b138800 Implicit null exception at 0x000000010a429f75 to 0x000000010a42a179
Event: 1.100 Thread 0x00007fa06b138800 Exception <a 'java/security/PrivilegedActionException'> (0x00000007aac21648) thrown at [/HUDSON3/workspace/8-2-build-macosx-x86_64/jdk8u20/1074/hotspot/src/share/vm/prims/jvm.cpp, line 1275]
Event: 1.103 Thread 0x00007fa06b138800 Exception <a 'java/security/PrivilegedActionException'> (0x00000007aac36ac8) thrown at [/HUDSON3/workspace/8-2-build-macosx-x86_64/jdk8u20/1074/hotspot/src/share/vm/prims/jvm.cpp, line 1275]
Event: 1.105 Thread 0x00007fa06b138800 Exception <a 'java/security/PrivilegedActionException'> (0x00000007aac566b8) thrown at [/HUDSON3/workspace/8-2-build-macosx-x86_64/jdk8u20/1074/hotspot/src/share/vm/prims/jvm.cpp, line 1275]

Events (10 events):
Event: 22.734 Thread 0x00007fa06b800000 Thread exited: 0x00007fa06b800000
Event: 22.734 Thread 0x00007fa06b1b2800 Thread added: 0x00007fa06b1b2800
Event: 22.734 loading class java/util/IdentityHashMap$KeySet
Event: 22.734 loading class java/util/IdentityHashMap$KeySet done
Event: 22.734 loading class java/util/IdentityHashMap$KeyIterator
Event: 22.735 loading class java/util/IdentityHashMap$IdentityHashMapIterator
Event: 22.735 loading class java/util/IdentityHashMap$IdentityHashMapIterator done
Event: 22.735 loading class java/util/IdentityHashMap$KeyIterator done
Event: 22.735 Thread 0x00007fa06b1b2800 Thread exited: 0x00007fa06b1b2800
Event: 22.735 Thread 0x00007fa06a835000 Thread exited: 0x00007fa06a835000


Dynamic libraries:
0x0000000009cc9000 	/System/Library/Frameworks/Cocoa.framework/Versions/A/Cocoa
0x0000000009cc9000 	/System/Library/Frameworks/Security.framework/Versions/A/Security
0x0000000009cc9000 	/System/Library/Frameworks/ApplicationServices.framework/Versions/A/ApplicationServices
0x0000000009cc9000 	/usr/lib/libz.1.dylib
0x0000000009cc9000 	/usr/lib/libSystem.B.dylib
0x0000000009cc9000 	/usr/lib/libobjc.A.dylib
0x0000000009cc9000 	/System/Library/Frameworks/CoreFoundation.framework/Versions/A/CoreFoundation
0x0000000009cc9000 	/System/Library/Frameworks/Foundation.framework/Versions/C/Foundation
0x0000000009cc9000 	/System/Library/Frameworks/AppKit.framework/Versions/C/AppKit
0x0000000009cc9000 	/System/Library/Frameworks/CoreData.framework/Versions/A/CoreData
0x0000000009cc9000 	/System/Library/PrivateFrameworks/RemoteViewServices.framework/Versions/A/RemoteViewServices
0x0000000009cc9000 	/System/Library/PrivateFrameworks/UIFoundation.framework/Versions/A/UIFoundation
0x0000000009cc9000 	/System/Library/Frameworks/IOSurface.framework/Versions/A/IOSurface
0x0000000009cc9000 	/System/Library/Frameworks/AudioToolbox.framework/Versions/A/AudioToolbox
0x0000000009cc9000 	/System/Library/Frameworks/AudioUnit.framework/Versions/A/AudioUnit
0x0000000009cc9000 	/System/Library/PrivateFrameworks/DataDetectorsCore.framework/Versions/A/DataDetectorsCore
0x0000000009cc9000 	/System/Library/PrivateFrameworks/DesktopServicesPriv.framework/Versions/A/DesktopServicesPriv
0x0000000009cc9000 	/System/Library/Frameworks/Carbon.framework/Versions/A/Frameworks/HIToolbox.framework/Versions/A/HIToolbox
0x0000000009cc9000 	/System/Library/Frameworks/QuartzCore.framework/Versions/A/QuartzCore
0x0000000009cc9000 	/System/Library/Frameworks/Carbon.framework/Versions/A/Frameworks/SpeechRecognition.framework/Versions/A/SpeechRecognition
0x0000000009cc9000 	/usr/lib/libauto.dylib
0x0000000009cc9000 	/usr/lib/libicucore.A.dylib
0x0000000009cc9000 	/usr/lib/libxml2.2.dylib
0x0000000009cc9000 	/System/Library/PrivateFrameworks/CoreUI.framework/Versions/A/CoreUI
0x0000000009cc9000 	/System/Library/Frameworks/CoreAudio.framework/Versions/A/CoreAudio
0x0000000009cc9000 	/System/Library/Frameworks/DiskArbitration.framework/Versions/A/DiskArbitration
0x0000000009cc9000 	/usr/lib/liblangid.dylib
0x0000000009cc9000 	/System/Library/PrivateFrameworks/MultitouchSupport.framework/Versions/A/MultitouchSupport
0x0000000009cc9000 	/System/Library/Frameworks/IOKit.framework/Versions/A/IOKit
0x0000000009cc9000 	/usr/lib/libDiagnosticMessagesClient.dylib
0x0000000009cc9000 	/System/Library/Frameworks/CoreServices.framework/Versions/A/CoreServices
0x0000000009cc9000 	/System/Library/PrivateFrameworks/PerformanceAnalysis.framework/Versions/A/PerformanceAnalysis
0x0000000009cc9000 	/System/Library/PrivateFrameworks/GenerationalStorage.framework/Versions/A/GenerationalStorage
0x0000000009cc9000 	/System/Library/Frameworks/OpenGL.framework/Versions/A/OpenGL
0x0000000009cc9000 	/System/Library/PrivateFrameworks/Sharing.framework/Versions/A/Sharing
0x0000000009cc9000 	/System/Library/Frameworks/CoreGraphics.framework/Versions/A/CoreGraphics
0x0000000009cc9000 	/System/Library/Frameworks/CoreText.framework/Versions/A/CoreText
0x0000000009cc9000 	/System/Library/Frameworks/ImageIO.framework/Versions/A/ImageIO
0x0000000009cc9000 	/usr/lib/libextension.dylib
0x0000000009cc9000 	/System/Library/PrivateFrameworks/Backup.framework/Versions/A/Backup
0x0000000009cc9000 	/usr/lib/libarchive.2.dylib
0x0000000009cc9000 	/System/Library/Frameworks/CFNetwork.framework/Versions/A/CFNetwork
0x0000000009cc9000 	/System/Library/Frameworks/SystemConfiguration.framework/Versions/A/SystemConfiguration
0x0000000009cc9000 	/usr/lib/libCRFSuite.dylib
0x0000000009cc9000 	/usr/lib/libc++.1.dylib
0x0000000009cc9000 	/usr/lib/libc++abi.dylib
0x0000000009cc9000 	/usr/lib/system/libcache.dylib
0x0000000009cc9000 	/usr/lib/system/libcommonCrypto.dylib
0x0000000009cc9000 	/usr/lib/system/libcompiler_rt.dylib
0x0000000009cc9000 	/usr/lib/system/libcopyfile.dylib
0x0000000009cc9000 	/usr/lib/system/libcorecrypto.dylib
0x0000000009cc9000 	/usr/lib/system/libdispatch.dylib
0x0000000009cc9000 	/usr/lib/system/libdyld.dylib
0x0000000009cc9000 	/usr/lib/system/libkeymgr.dylib
0x0000000009cc9000 	/usr/lib/system/liblaunch.dylib
0x0000000009cc9000 	/usr/lib/system/libmacho.dylib
0x0000000009cc9000 	/usr/lib/system/libquarantine.dylib
0x0000000009cc9000 	/usr/lib/system/libremovefile.dylib
0x0000000009cc9000 	/usr/lib/system/libsystem_asl.dylib
0x0000000009cc9000 	/usr/lib/system/libsystem_blocks.dylib
0x0000000009cc9000 	/usr/lib/system/libsystem_c.dylib
0x0000000009cc9000 	/usr/lib/system/libsystem_configuration.dylib
0x0000000009cc9000 	/usr/lib/system/libsystem_coreservices.dylib
0x0000000009cc9000 	/usr/lib/system/libsystem_coretls.dylib
0x0000000009cc9000 	/usr/lib/system/libsystem_dnssd.dylib
0x0000000009cc9000 	/usr/lib/system/libsystem_info.dylib
0x0000000009cc9000 	/usr/lib/system/libsystem_kernel.dylib
0x0000000009cc9000 	/usr/lib/system/libsystem_m.dylib
0x0000000009cc9000 	/usr/lib/system/libsystem_malloc.dylib
0x0000000009cc9000 	/usr/lib/system/libsystem_network.dylib
0x0000000009cc9000 	/usr/lib/system/libsystem_networkextension.dylib
0x0000000009cc9000 	/usr/lib/system/libsystem_notify.dylib
0x0000000009cc9000 	/usr/lib/system/libsystem_platform.dylib
0x0000000009cc9000 	/usr/lib/system/libsystem_pthread.dylib
0x0000000009cc9000 	/usr/lib/system/libsystem_sandbox.dylib
0x0000000009cc9000 	/usr/lib/system/libsystem_secinit.dylib
0x0000000009cc9000 	/usr/lib/system/libsystem_stats.dylib
0x0000000009cc9000 	/usr/lib/system/libsystem_trace.dylib
0x0000000009cc9000 	/usr/lib/system/libunc.dylib
0x0000000009cc9000 	/usr/lib/system/libunwind.dylib
0x0000000009cc9000 	/usr/lib/system/libxpc.dylib
0x0000000009cc9000 	/usr/lib/libbz2.1.0.dylib
0x0000000009cc9000 	/usr/lib/liblzma.5.dylib
0x0000000009cc9000 	/usr/lib/libbsm.0.dylib
0x0000000009cc9000 	/usr/lib/libsqlite3.dylib
0x0000000009cc9000 	/usr/lib/system/libkxld.dylib
0x0000000009cc9000 	/usr/lib/libxar.1.dylib
0x0000000009cc9000 	/usr/lib/libpam.2.dylib
0x0000000009cc9000 	/usr/lib/libOpenScriptingUtil.dylib
0x0000000009cc9000 	/System/Library/Frameworks/CoreServices.framework/Versions/A/Frameworks/FSEvents.framework/Versions/A/FSEvents
0x0000000009cc9000 	/System/Library/Frameworks/CoreServices.framework/Versions/A/Frameworks/CarbonCore.framework/Versions/A/CarbonCore
0x0000000009cc9000 	/System/Library/Frameworks/CoreServices.framework/Versions/A/Frameworks/Metadata.framework/Versions/A/Metadata
0x0000000009cc9000 	/System/Library/Frameworks/CoreServices.framework/Versions/A/Frameworks/OSServices.framework/Versions/A/OSServices
0x0000000009cc9000 	/System/Library/Frameworks/CoreServices.framework/Versions/A/Frameworks/SearchKit.framework/Versions/A/SearchKit
0x0000000009cc9000 	/System/Library/Frameworks/CoreServices.framework/Versions/A/Frameworks/AE.framework/Versions/A/AE
0x0000000009cc9000 	/System/Library/Frameworks/CoreServices.framework/Versions/A/Frameworks/LaunchServices.framework/Versions/A/LaunchServices
0x0000000009cc9000 	/System/Library/Frameworks/CoreServices.framework/Versions/A/Frameworks/DictionaryServices.framework/Versions/A/DictionaryServices
0x0000000009cc9000 	/System/Library/Frameworks/NetFS.framework/Versions/A/NetFS
0x0000000009cc9000 	/System/Library/PrivateFrameworks/NetAuth.framework/Versions/A/NetAuth
0x0000000009cc9000 	/System/Library/PrivateFrameworks/login.framework/Versions/A/Frameworks/loginsupport.framework/Versions/A/loginsupport
0x0000000009cc9000 	/System/Library/PrivateFrameworks/TCC.framework/Versions/A/TCC
0x0000000009cc9000 	/usr/lib/libmecabra.dylib
0x0000000009cc9000 	/System/Library/PrivateFrameworks/LanguageModeling.framework/Versions/A/LanguageModeling
0x0000000009cc9000 	/usr/lib/libcmph.dylib
0x0000000009cc9000 	/usr/lib/libiconv.2.dylib
0x0000000009cc9000 	/System/Library/Frameworks/OpenDirectory.framework/Versions/A/Frameworks/CFOpenDirectory.framework/Versions/A/CFOpenDirectory
0x0000000009cc9000 	/System/Library/Frameworks/ServiceManagement.framework/Versions/A/ServiceManagement
0x0000000009cc9000 	/usr/lib/libxslt.1.dylib
0x0000000009cc9000 	/System/Library/Frameworks/Carbon.framework/Versions/A/Frameworks/Ink.framework/Versions/A/Ink
0x0000000009cc9000 	/System/Library/Frameworks/ApplicationServices.framework/Versions/A/Frameworks/ATS.framework/Versions/A/ATS
0x0000000009cc9000 	/System/Library/Frameworks/ApplicationServices.framework/Versions/A/Frameworks/ColorSync.framework/Versions/A/ColorSync
0x0000000009cc9000 	/System/Library/Frameworks/ApplicationServices.framework/Versions/A/Frameworks/HIServices.framework/Versions/A/HIServices
0x0000000009cc9000 	/System/Library/Frameworks/ApplicationServices.framework/Versions/A/Frameworks/LangAnalysis.framework/Versions/A/LangAnalysis
0x0000000009cc9000 	/System/Library/Frameworks/ApplicationServices.framework/Versions/A/Frameworks/PrintCore.framework/Versions/A/PrintCore
0x0000000009cc9000 	/System/Library/Frameworks/ApplicationServices.framework/Versions/A/Frameworks/QD.framework/Versions/A/QD
0x0000000009cc9000 	/System/Library/Frameworks/ApplicationServices.framework/Versions/A/Frameworks/SpeechSynthesis.framework/Versions/A/SpeechSynthesis
0x0000000009cc9000 	/System/Library/Frameworks/Accelerate.framework/Versions/A/Accelerate
0x0000000009cc9000 	/System/Library/Frameworks/Accelerate.framework/Versions/A/Frameworks/vImage.framework/Versions/A/vImage
0x0000000009cc9000 	/System/Library/Frameworks/Accelerate.framework/Versions/A/Frameworks/vecLib.framework/Versions/A/vecLib
0x0000000009cc9000 	/System/Library/Frameworks/Accelerate.framework/Versions/A/Frameworks/vecLib.framework/Versions/A/libvDSP.dylib
0x0000000009cc9000 	/System/Library/Frameworks/Accelerate.framework/Versions/A/Frameworks/vecLib.framework/Versions/A/libvMisc.dylib
0x0000000009cc9000 	/System/Library/Frameworks/Accelerate.framework/Versions/A/Frameworks/vecLib.framework/Versions/A/libLAPACK.dylib
0x0000000009cc9000 	/System/Library/Frameworks/Accelerate.framework/Versions/A/Frameworks/vecLib.framework/Versions/A/libBLAS.dylib
0x0000000009cc9000 	/System/Library/Frameworks/Accelerate.framework/Versions/A/Frameworks/vecLib.framework/Versions/A/libLinearAlgebra.dylib
0x0000000009cc9000 	/System/Library/Frameworks/ApplicationServices.framework/Versions/A/Frameworks/ATS.framework/Versions/A/Resources/libFontParser.dylib
0x0000000009cc9000 	/System/Library/Frameworks/ApplicationServices.framework/Versions/A/Frameworks/ATS.framework/Versions/A/Resources/libFontRegistry.dylib
0x0000000009cc9000 	/System/Library/PrivateFrameworks/AppleVPA.framework/Versions/A/AppleVPA
0x0000000009cc9000 	/System/Library/PrivateFrameworks/AppleJPEG.framework/Versions/A/AppleJPEG
0x0000000009cc9000 	/System/Library/Frameworks/ImageIO.framework/Versions/A/Resources/libJPEG.dylib
0x0000000009cc9000 	/System/Library/Frameworks/ImageIO.framework/Versions/A/Resources/libTIFF.dylib
0x0000000009cc9000 	/System/Library/Frameworks/ImageIO.framework/Versions/A/Resources/libPng.dylib
0x0000000009cc9000 	/System/Library/Frameworks/ImageIO.framework/Versions/A/Resources/libGIF.dylib
0x0000000009cc9000 	/System/Library/Frameworks/ImageIO.framework/Versions/A/Resources/libJP2.dylib
0x0000000009cc9000 	/System/Library/Frameworks/ImageIO.framework/Versions/A/Resources/libRadiance.dylib
0x0000000009cc9000 	/System/Library/Frameworks/CoreVideo.framework/Versions/A/CoreVideo
0x0000000009cc9000 	/System/Library/Frameworks/OpenGL.framework/Versions/A/Libraries/libGLU.dylib
0x0000000009cc9000 	/System/Library/Frameworks/OpenGL.framework/Versions/A/Libraries/libGFXShared.dylib
0x0000000009cc9000 	/System/Library/Frameworks/OpenGL.framework/Versions/A/Libraries/libGL.dylib
0x0000000009cc9000 	/System/Library/Frameworks/OpenGL.framework/Versions/A/Libraries/libGLImage.dylib
0x0000000009cc9000 	/System/Library/Frameworks/OpenGL.framework/Versions/A/Libraries/libCVMSPluginSupport.dylib
0x0000000009cc9000 	/System/Library/Frameworks/OpenGL.framework/Versions/A/Libraries/libCoreVMClient.dylib
0x0000000009cc9000 	/usr/lib/libcups.2.dylib
0x0000000009cc9000 	/System/Library/Frameworks/Kerberos.framework/Versions/A/Kerberos
0x0000000009cc9000 	/System/Library/Frameworks/GSS.framework/Versions/A/GSS
0x0000000009cc9000 	/usr/lib/libresolv.9.dylib
0x0000000009cc9000 	/System/Library/PrivateFrameworks/Heimdal.framework/Versions/A/Heimdal
0x0000000009cc9000 	/usr/lib/libheimdal-asn1.dylib
0x0000000009cc9000 	/System/Library/Frameworks/OpenDirectory.framework/Versions/A/OpenDirectory
0x0000000009cc9000 	/System/Library/PrivateFrameworks/CommonAuth.framework/Versions/A/CommonAuth
0x0000000009cc9000 	/System/Library/Frameworks/SecurityFoundation.framework/Versions/A/SecurityFoundation
0x0000000009cc9000 	/System/Library/Frameworks/QuartzCore.framework/Versions/A/Frameworks/CoreImage.framework/Versions/A/CoreImage
0x0000000009cc9000 	/System/Library/PrivateFrameworks/CrashReporterSupport.framework/Versions/A/CrashReporterSupport
0x0000000009cc9000 	/System/Library/Frameworks/OpenCL.framework/Versions/A/OpenCL
0x0000000009cc9000 	/System/Library/PrivateFrameworks/FaceCore.framework/Versions/A/FaceCore
0x0000000009cc9000 	/System/Library/PrivateFrameworks/Ubiquity.framework/Versions/A/Ubiquity
0x0000000009cc9000 	/System/Library/PrivateFrameworks/IconServices.framework/Versions/A/IconServices
0x0000000009cc9000 	/System/Library/PrivateFrameworks/ChunkingLibrary.framework/Versions/A/ChunkingLibrary
0x0000000009cc9000 	/System/Library/PrivateFrameworks/Apple80211.framework/Versions/A/Apple80211
0x0000000009cc9000 	/System/Library/Frameworks/CoreWLAN.framework/Versions/A/CoreWLAN
0x0000000009cc9000 	/System/Library/Frameworks/IOBluetooth.framework/Versions/A/IOBluetooth
0x0000000009cc9000 	/System/Library/PrivateFrameworks/CoreWiFi.framework/Versions/A/CoreWiFi
0x0000000009cc9000 	/System/Library/Frameworks/CoreBluetooth.framework/Versions/A/CoreBluetooth
0x0000000009cc9000 	/System/Library/PrivateFrameworks/DebugSymbols.framework/Versions/A/DebugSymbols
0x0000000009cc9000 	/System/Library/PrivateFrameworks/CoreSymbolication.framework/Versions/A/CoreSymbolication
0x0000000009cc9000 	/System/Library/PrivateFrameworks/Symbolication.framework/Versions/A/Symbolication
0x0000000009cc9000 	/System/Library/PrivateFrameworks/SpeechRecognitionCore.framework/Versions/A/SpeechRecognitionCore
0x0000000109200000 	/Library/Java/JavaVirtualMachines/jdk1.8.0_20.jdk/Contents/Home/jre/lib/server/libjvm.dylib
0x0000000009cc9000 	/usr/lib/libstdc++.6.dylib
0x000000010892b000 	/Library/Java/JavaVirtualMachines/jdk1.8.0_20.jdk/Contents/Home/jre/lib/libverify.dylib
0x0000000108939000 	/Library/Java/JavaVirtualMachines/jdk1.8.0_20.jdk/Contents/Home/jre/lib/libjava.dylib
0x0000000108977000 	/Library/Java/JavaVirtualMachines/jdk1.8.0_20.jdk/Contents/Home/jre/lib/libzip.dylib
0x000000011dcad000 	/System/Library/Frameworks/JavaVM.framework/Frameworks/JavaRuntimeSupport.framework/JavaRuntimeSupport
0x000000011dcc3000 	/System/Library/Frameworks/JavaVM.framework/Versions/A/Frameworks/JavaNativeFoundation.framework/Versions/A/JavaNativeFoundation
0x000000011dcd7000 	/System/Library/Frameworks/JavaVM.framework/Versions/A/JavaVM
0x0000000009cc9000 	/System/Library/Frameworks/Carbon.framework/Versions/A/Carbon
0x000000011dce3000 	/System/Library/PrivateFrameworks/JavaLaunching.framework/Versions/A/JavaLaunching
0x0000000009cc9000 	/System/Library/Frameworks/Carbon.framework/Versions/A/Frameworks/CommonPanels.framework/Versions/A/CommonPanels
0x0000000009cc9000 	/System/Library/Frameworks/Carbon.framework/Versions/A/Frameworks/Help.framework/Versions/A/Help
0x0000000009cc9000 	/System/Library/Frameworks/Carbon.framework/Versions/A/Frameworks/ImageCapture.framework/Versions/A/ImageCapture
0x0000000009cc9000 	/System/Library/Frameworks/Carbon.framework/Versions/A/Frameworks/OpenScripting.framework/Versions/A/OpenScripting
0x0000000009cc9000 	/System/Library/Frameworks/Carbon.framework/Versions/A/Frameworks/Print.framework/Versions/A/Print
0x0000000009cc9000 	/System/Library/Frameworks/Carbon.framework/Versions/A/Frameworks/SecurityHI.framework/Versions/A/SecurityHI
0x000000011fc90000 	/Library/Java/JavaVirtualMachines/jdk1.8.0_20.jdk/Contents/Home/jre/lib/libprism_es2.dylib
0x0000000009cc9000 	/System/Library/Frameworks/OpenGL.framework/Versions/A/Resources/GLEngine.bundle/GLEngine
0x0000000009cc9000 	/System/Library/Frameworks/OpenGL.framework/Versions/A/Libraries/libGLProgrammability.dylib
0x0000000000000000 	/System/Library/Extensions/AppleIntelHD5000GraphicsGLDriver.bundle/Contents/MacOS/AppleIntelHD5000GraphicsGLDriver
0x0000000009cc9000 	/System/Library/PrivateFrameworks/IOAccelerator.framework/Versions/A/IOAccelerator
0x0000000009cc9000 	/System/Library/PrivateFrameworks/GPUSupport.framework/Versions/A/Libraries/libGPUSupportMercury.dylib
0x0000000009cc9000 	/System/Library/Frameworks/OpenGL.framework/Versions/A/Resources/GLRendererFloat.bundle/GLRendererFloat
0x0000000009cc9000 	/System/Library/Frameworks/OpenCL.framework/Versions/A/Libraries/libcldcpuengine.dylib
0x0000000009cc9000 	/System/Library/PrivateFrameworks/DiskImages.framework/Versions/A/DiskImages
0x0000000009cc9000 	/System/Library/Frameworks/DiscRecording.framework/Versions/A/DiscRecording
0x0000000009cc9000 	/usr/lib/libcsfde.dylib
0x0000000009cc9000 	/usr/lib/libcurl.4.dylib
0x0000000009cc9000 	/System/Library/PrivateFrameworks/MediaKit.framework/Versions/A/MediaKit
0x0000000009cc9000 	/System/Library/PrivateFrameworks/ProtectedCloudStorage.framework/Versions/A/ProtectedCloudStorage
0x0000000009cc9000 	/usr/lib/libCoreStorage.dylib
0x0000000009cc9000 	/System/Library/PrivateFrameworks/EFILogin.framework/Versions/A/EFILogin
0x0000000009cc9000 	/usr/lib/libutil.dylib
0x0000000009cc9000 	/System/Library/PrivateFrameworks/FindMyDevice.framework/Versions/A/FindMyDevice
0x0000000009cc9000 	/System/Library/Frameworks/LDAP.framework/Versions/A/LDAP
0x0000000009cc9000 	/usr/lib/libsasl2.2.dylib
0x0000000009cc9000 	/System/Library/PrivateFrameworks/CoreDaemon.framework/Versions/B/CoreDaemon
0x0000000009cc9000 	/usr/lib/libcrypto.0.9.8.dylib
0x0000000009cc9000 	/System/Library/PrivateFrameworks/AppleSRP.framework/Versions/A/AppleSRP
0x0000000009cc9000 	/System/Library/PrivateFrameworks/TrustEvaluationAgent.framework/Versions/A/TrustEvaluationAgent
0x000000012013c000 	/Library/Java/JavaVirtualMachines/jdk1.8.0_20.jdk/Contents/Home/jre/lib/libglass.dylib
0x0000000009cc9000 	/System/Library/PrivateFrameworks/CoreServicesInternal.framework/Versions/A/CoreServicesInternal
0x0000000009cc9000 	/System/Library/PrivateFrameworks/CloudDocs.framework/Versions/A/CloudDocs
0x0000000009cc9000 	/System/Library/PrivateFrameworks/CoreDuet.framework/Versions/A/CoreDuet
0x0000000009cc9000 	/System/Library/Frameworks/CloudKit.framework/Versions/A/CloudKit
0x0000000009cc9000 	/System/Library/PrivateFrameworks/ProtocolBuffer.framework/Versions/A/ProtocolBuffer
0x0000000009cc9000 	/System/Library/PrivateFrameworks/CoreDuetDaemonProtocol.framework/Versions/A/CoreDuetDaemonProtocol
0x0000000009cc9000 	/System/Library/PrivateFrameworks/CoreDuetDebugLogging.framework/Versions/A/CoreDuetDebugLogging
0x0000000009cc9000 	/System/Library/Frameworks/CoreLocation.framework/Versions/A/CoreLocation
0x0000000009cc9000 	/System/Library/Frameworks/Accounts.framework/Versions/A/Accounts
0x0000000009cc9000 	/System/Library/PrivateFrameworks/ApplePushService.framework/Versions/A/ApplePushService
0x0000000009cc9000 	/System/Library/PrivateFrameworks/GeoServices.framework/Versions/A/GeoServices
0x0000000009cc9000 	/System/Library/PrivateFrameworks/OAuth.framework/Versions/A/OAuth
0x0000000009cc9000 	/System/Library/Frameworks/CoreGraphics.framework/Versions/A/Resources/libCGCMS.A.dylib
0x0000000009cc9000 	/System/Library/CoreServices/RawCamera.bundle/Contents/MacOS/RawCamera
0x0000000009cc9000 	/System/Library/Frameworks/CoreGraphics.framework/Versions/A/Resources/libRIP.A.dylib
0x0000000009cc9000 	/System/Library/PrivateFrameworks/FamilyControls.framework/Versions/A/FamilyControls
0x0000000009cc9000 	/System/Library/PrivateFrameworks/CommerceKit.framework/Versions/A/Frameworks/CommerceCore.framework/Versions/A/CommerceCore
0x0000000009cc9000 	/System/Library/PrivateFrameworks/SystemAdministration.framework/Versions/A/SystemAdministration
0x0000000009cc9000 	/System/Library/PrivateFrameworks/AppContainer.framework/Versions/A/AppContainer
0x0000000009cc9000 	/System/Library/PrivateFrameworks/SecCodeWrapper.framework/Versions/A/SecCodeWrapper
0x0000000009cc9000 	/System/Library/Frameworks/DirectoryService.framework/Versions/A/DirectoryService
0x0000000009cc9000 	/System/Library/PrivateFrameworks/LoginUIKit.framework/Versions/A/Frameworks/LoginUICore.framework/Versions/A/LoginUICore
0x0000000009cc9000 	/usr/lib/libodfde.dylib
0x0000000009cc9000 	/System/Library/Frameworks/CoreGraphics.framework/Versions/A/Resources/libCGXType.A.dylib
0x00000001249a6000 	cl_kernels
0x00000001249a8000 	/System/Library/Frameworks/OpenCL.framework/Versions/A/Libraries/ImageFormats/unorm8_bgra.dylib
0x0000000124997000 	cl_kernels
0x0000000124b72000 	/Library/Java/JavaVirtualMachines/jdk1.8.0_20.jdk/Contents/Home/jre/lib/libjavafx_font.dylib

VM Arguments:
jvm_args: -Dfile.encoding=UTF-8 
java_command: draughts
java_class_path (initial): /Users/herrids/git/Draughts/bin
Launcher Type: SUN_STANDARD

Environment Variables:
PATH=/usr/bin:/bin:/usr/sbin:/sbin
SHELL=/bin/bash

Signal Handlers:
SIGSEGV: [libjvm.dylib+0x578fd7], sa_mask[0]=11111111011111110111111111111111, sa_flags=SA_ONSTACK|SA_RESTART|SA_SIGINFO
SIGBUS: [libjvm.dylib+0x578fd7], sa_mask[0]=11111111011111110111111111111111, sa_flags=SA_RESTART|SA_SIGINFO
SIGFPE: [libjvm.dylib+0x45ab0c], sa_mask[0]=11111111011111110111111111111111, sa_flags=SA_RESTART|SA_SIGINFO
SIGPIPE: [libjvm.dylib+0x45ab0c], sa_mask[0]=11111111011111110111111111111111, sa_flags=SA_RESTART|SA_SIGINFO
SIGXFSZ: [libjvm.dylib+0x45ab0c], sa_mask[0]=11111111011111110111111111111111, sa_flags=SA_RESTART|SA_SIGINFO
SIGILL: [libjvm.dylib+0x45ab0c], sa_mask[0]=11111111011111110111111111111111, sa_flags=SA_RESTART|SA_SIGINFO
SIGUSR1: SIG_DFL, sa_mask[0]=00000000000000000000000000000000, sa_flags=none
SIGUSR2: [libjvm.dylib+0x45a62a], sa_mask[0]=00100000000000000000000000000000, sa_flags=SA_RESTART|SA_SIGINFO
SIGHUP: [libjvm.dylib+0x458bfd], sa_mask[0]=11111111011111110111111111111111, sa_flags=SA_RESTART|SA_SIGINFO
SIGINT: [libjvm.dylib+0x458bfd], sa_mask[0]=11111111011111110111111111111111, sa_flags=SA_RESTART|SA_SIGINFO
SIGTERM: [libjvm.dylib+0x458bfd], sa_mask[0]=11111111011111110111111111111111, sa_flags=SA_RESTART|SA_SIGINFO
SIGQUIT: [libjvm.dylib+0x458bfd], sa_mask[0]=11111111011111110111111111111111, sa_flags=SA_RESTART|SA_SIGINFO


---------------  S Y S T E M  ---------------

OS:Bsduname:Darwin 14.0.0 Darwin Kernel Version 14.0.0: Fri Sep 19 00:26:44 PDT 2014; root:xnu-2782.1.97~2/RELEASE_X86_64 x86_64
rlimit: STACK 8192k, CORE 0k, NPROC 709, NOFILE 10240, AS infinity
load average:11.65 3.92 2.36

CPU:total 4 (2 cores per cpu, 2 threads per core) family 6 model 69 stepping 1, cmov, cx8, fxsr, mmx, sse, sse2, sse3, ssse3, sse4.1, sse4.2, popcnt, avx, avx2, aes, clmul, erms, lzcnt, ht, tsc, tscinvbit, bmi1, bmi2

Memory: 4k page, physical 4194304k(1062580k free)

/proc/meminfo:


vm_info: Java HotSpot(TM) 64-Bit Server VM (25.20-b23) for bsd-amd64 JRE (1.8.0_20-b26), built on Jul 30 2014 13:37:47 by "java_re" with gcc 4.2.1 (Based on Apple Inc. build 5658) (LLVM build 2336.9.00)

time: Sat Jan  3 15:21:23 2015
elapsed time: 23 seconds (0d 0h 0m 23s)

